<?xml version="1.0" encoding="UTF-8"?>
<!-- Generated by org.testng.reporters.JUnitReportReporter -->
<testsuite skipped="4" hostname="DESKTOP-65FRE6B" name="com.crm.testcase.DeleteCustomerTests" tests="4" failures="0" timestamp="13 二月 2021 04:54:36 GMT" time="0.000" errors="0">
  <testcase name="test003_deleCustomer" time="0.000" classname="com.crm.testcase.DeleteCustomerTests">
    <skipped/>
  </testcase> <!-- test003_deleCustomer -->
  <testcase name="test001_deleCustomer" time="0.000" classname="com.crm.testcase.DeleteCustomerTests">
    <skipped/>
  </testcase> <!-- test001_deleCustomer -->
  <testcase name="test002_deleCustomer" time="0.000" classname="com.crm.testcase.DeleteCustomerTests">
    <skipped/>
  </testcase> <!-- test002_deleCustomer -->
  <testcase name="test004_deleCustomer" time="0.000" classname="com.crm.testcase.DeleteCustomerTests">
    <skipped/>
  </testcase> <!-- test004_deleCustomer -->
</testsuite> <!-- com.crm.testcase.DeleteCustomerTests -->
