<?xml version="1.0" encoding="UTF-8"?>
<!-- Generated by org.testng.reporters.JUnitReportReporter -->
<testsuite skipped="4" hostname="DESKTOP-65FRE6B" name="com.crm.testcase.AddCustomerTests" tests="4" failures="0" timestamp="13 二月 2021 04:54:36 GMT" time="0.000" errors="0">
  <testcase name="test001_AddCustomer" time="0.000" classname="com.crm.testcase.AddCustomerTests">
    <skipped/>
  </testcase> <!-- test001_AddCustomer -->
  <testcase name="test002_AddCustomer" time="0.000" classname="com.crm.testcase.AddCustomerTests">
    <skipped/>
  </testcase> <!-- test002_AddCustomer -->
  <testcase name="test004_AddCustomer" time="0.000" classname="com.crm.testcase.AddCustomerTests">
    <skipped/>
  </testcase> <!-- test004_AddCustomer -->
  <testcase name="test003_AddCustomer" time="0.000" classname="com.crm.testcase.AddCustomerTests">
    <skipped/>
  </testcase> <!-- test003_AddCustomer -->
</testsuite> <!-- com.crm.testcase.AddCustomerTests -->
