<?xml version="1.0" encoding="UTF-8"?>
<!-- Generated by org.testng.reporters.JUnitReportReporter -->
<testsuite skipped="4" hostname="DESKTOP-65FRE6B" name="com.crm.testcase.DataDriverTests" tests="4" failures="0" timestamp="13 二月 2021 04:54:36 GMT" time="0.000" errors="0">
  <testcase name="Test" time="0.000" classname="com.crm.testcase.DataDriverTests">
    <skipped/>
  </testcase> <!-- Test -->
  <testcase name="Test" time="0.000" classname="com.crm.testcase.DataDriverTests">
    <skipped/>
  </testcase> <!-- Test -->
  <testcase name="Test" time="0.000" classname="com.crm.testcase.DataDriverTests">
    <skipped/>
  </testcase> <!-- Test -->
  <testcase name="Test" time="0.000" classname="com.crm.testcase.DataDriverTests">
    <skipped/>
  </testcase> <!-- Test -->
</testsuite> <!-- com.crm.testcase.DataDriverTests -->
