<?xml version="1.0" encoding="UTF-8"?>
<testsuite xmlns:xsi="http://www.w3.org/2001/XMLSchema-instance" xsi:noNamespaceSchemaLocation="https://maven.apache.org/surefire/maven-surefire-plugin/xsd/surefire-test-report.xsd" name="TestSuite" time="52.517" tests="32" errors="0" skipped="25" failures="6">
  <properties>
    <property name="sun.desktop" value="windows"/>
    <property name="awt.toolkit" value="sun.awt.windows.WToolkit"/>
    <property name="file.encoding.pkg" value="sun.io"/>
    <property name="java.specification.version" value="1.8"/>
    <property name="sun.cpu.isalist" value="amd64"/>
    <property name="sun.jnu.encoding" value="GBK"/>
    <property name="java.class.path" value="D:\java_code\gitcode\javastudy\target\test-classes;D:\java_code\gitcode\javastudy\target\classes;D:\software\repository\junit\junit\4.11\junit-4.11.jar;D:\software\repository\org\hamcrest\hamcrest-core\1.3\hamcrest-core-1.3.jar;D:\software\repository\org\testng\testng\6.14.2\testng-6.14.2.jar;D:\software\repository\com\beust\jcommander\1.72\jcommander-1.72.jar;D:\software\repository\org\apache-extras\beanshell\bsh\2.0b6\bsh-2.0b6.jar;D:\software\repository\org\apache\httpcomponents\httpclient\4.5.7\httpclient-4.5.7.jar;D:\software\repository\org\apache\httpcomponents\httpcore\4.4.11\httpcore-4.4.11.jar;D:\software\repository\commons-logging\commons-logging\1.2\commons-logging-1.2.jar;D:\software\repository\org\apache\httpcomponents\httpmime\4.5.7\httpmime-4.5.7.jar;D:\software\repository\mysql\mysql-connector-java\8.0.21\mysql-connector-java-8.0.21.jar;D:\software\repository\com\google\protobuf\protobuf-java\3.11.4\protobuf-java-3.11.4.jar;D:\software\repository\org\springframework\spring-core\5.2.9.RELEASE\spring-core-5.2.9.RELEASE.jar;D:\software\repository\org\springframework\spring-jcl\5.2.9.RELEASE\spring-jcl-5.2.9.RELEASE.jar;D:\software\repository\org\springframework\spring-beans\5.2.9.RELEASE\spring-beans-5.2.9.RELEASE.jar;D:\software\repository\org\springframework\spring-context\5.2.9.RELEASE\spring-context-5.2.9.RELEASE.jar;D:\software\repository\org\springframework\spring-aop\5.2.9.RELEASE\spring-aop-5.2.9.RELEASE.jar;D:\software\repository\org\springframework\spring-context-support\5.2.9.RELEASE\spring-context-support-5.2.9.RELEASE.jar;D:\software\repository\org\springframework\spring-expression\5.2.9.RELEASE\spring-expression-5.2.9.RELEASE.jar;D:\software\repository\org\springframework\spring-test\5.2.9.RELEASE\spring-test-5.2.9.RELEASE.jar;D:\software\repository\org\springframework\spring-jdbc\5.2.9.RELEASE\spring-jdbc-5.2.9.RELEASE.jar;D:\software\repository\org\springframework\spring-tx\5.2.9.RELEASE\spring-tx-5.2.9.RELEASE.jar;D:\software\repository\org\apache\logging\log4j\log4j-core\2.14.0\log4j-core-2.14.0.jar;D:\software\repository\org\mybatis\mybatis\3.5.5\mybatis-3.5.5.jar;D:\software\repository\org\mybatis\mybatis-spring\2.0.3\mybatis-spring-2.0.3.jar;D:\software\repository\org\seleniumhq\selenium\selenium-java\3.141.59\selenium-java-3.141.59.jar;D:\software\repository\org\seleniumhq\selenium\selenium-api\3.141.59\selenium-api-3.141.59.jar;D:\software\repository\org\seleniumhq\selenium\selenium-chrome-driver\3.141.59\selenium-chrome-driver-3.141.59.jar;D:\software\repository\org\seleniumhq\selenium\selenium-edge-driver\3.141.59\selenium-edge-driver-3.141.59.jar;D:\software\repository\org\seleniumhq\selenium\selenium-firefox-driver\3.141.59\selenium-firefox-driver-3.141.59.jar;D:\software\repository\org\seleniumhq\selenium\selenium-ie-driver\3.141.59\selenium-ie-driver-3.141.59.jar;D:\software\repository\org\seleniumhq\selenium\selenium-opera-driver\3.141.59\selenium-opera-driver-3.141.59.jar;D:\software\repository\org\seleniumhq\selenium\selenium-remote-driver\3.141.59\selenium-remote-driver-3.141.59.jar;D:\software\repository\org\seleniumhq\selenium\selenium-safari-driver\3.141.59\selenium-safari-driver-3.141.59.jar;D:\software\repository\org\seleniumhq\selenium\selenium-support\3.141.59\selenium-support-3.141.59.jar;D:\software\repository\net\bytebuddy\byte-buddy\1.8.15\byte-buddy-1.8.15.jar;D:\software\repository\org\apache\commons\commons-exec\1.3\commons-exec-1.3.jar;D:\software\repository\com\google\guava\guava\25.0-jre\guava-25.0-jre.jar;D:\software\repository\com\google\code\findbugs\jsr305\1.3.9\jsr305-1.3.9.jar;D:\software\repository\org\checkerframework\checker-compat-qual\2.0.0\checker-compat-qual-2.0.0.jar;D:\software\repository\com\google\errorprone\error_prone_annotations\2.1.3\error_prone_annotations-2.1.3.jar;D:\software\repository\com\google\j2objc\j2objc-annotations\1.1\j2objc-annotations-1.1.jar;D:\software\repository\org\codehaus\mojo\animal-sniffer-annotations\1.14\animal-sniffer-annotations-1.14.jar;D:\software\repository\com\squareup\okhttp3\okhttp\3.11.0\okhttp-3.11.0.jar;D:\software\repository\com\squareup\okio\okio\1.14.0\okio-1.14.0.jar;D:\software\repository\commons-io\commons-io\2.6\commons-io-2.6.jar;D:\software\repository\io\rest-assured\rest-assured\4.3.0\rest-assured-4.3.0.jar;D:\software\repository\org\codehaus\groovy\groovy\3.0.2\groovy-3.0.2.jar;D:\software\repository\org\codehaus\groovy\groovy-xml\3.0.2\groovy-xml-3.0.2.jar;D:\software\repository\org\hamcrest\hamcrest\2.1\hamcrest-2.1.jar;D:\software\repository\org\ccil\cowan\tagsoup\tagsoup\1.2.1\tagsoup-1.2.1.jar;D:\software\repository\io\rest-assured\json-path\4.3.0\json-path-4.3.0.jar;D:\software\repository\org\codehaus\groovy\groovy-json\3.0.2\groovy-json-3.0.2.jar;D:\software\repository\io\rest-assured\rest-assured-common\4.3.0\rest-assured-common-4.3.0.jar;D:\software\repository\io\rest-assured\xml-path\4.3.0\xml-path-4.3.0.jar;D:\software\repository\org\apache\commons\commons-lang3\3.4\commons-lang3-3.4.jar;D:\software\repository\jakarta\xml\bind\jakarta.xml.bind-api\2.3.2\jakarta.xml.bind-api-2.3.2.jar;D:\software\repository\jakarta\activation\jakarta.activation-api\1.2.1\jakarta.activation-api-1.2.1.jar;D:\software\repository\com\sun\xml\bind\jaxb-osgi\2.3.0.1\jaxb-osgi-2.3.0.1.jar;D:\software\repository\org\apache\sling\org.apache.sling.javax.activation\0.1.0\org.apache.sling.javax.activation-0.1.0.jar;D:\software\repository\javax\activation\activation\1.1.1\activation-1.1.1.jar;D:\software\repository\com\alibaba\fastjson\1.2.75\fastjson-1.2.75.jar;D:\software\repository\com\aventstack\extentreports\3.1.5\extentreports-3.1.5.jar;D:\software\repository\org\freemarker\freemarker\2.3.23\freemarker-2.3.23.jar;D:\software\repository\org\mongodb\mongodb-driver\3.3.0\mongodb-driver-3.3.0.jar;D:\software\repository\org\mongodb\bson\3.3.0\bson-3.3.0.jar;D:\software\repository\org\mongodb\mongodb-driver-core\3.3.0\mongodb-driver-core-3.3.0.jar;D:\software\repository\org\jsoup\jsoup\1.9.2\jsoup-1.9.2.jar;D:\software\repository\com\google\code\gson\gson\2.8.0\gson-2.8.0.jar;D:\software\repository\io\qameta\allure\allure-testng\2.13.8\allure-testng-2.13.8.jar;D:\software\repository\io\qameta\allure\allure-java-commons\2.13.8\allure-java-commons-2.13.8.jar;D:\software\repository\io\qameta\allure\allure-model\2.13.8\allure-model-2.13.8.jar;D:\software\repository\com\fasterxml\jackson\core\jackson-databind\2.11.3\jackson-databind-2.11.3.jar;D:\software\repository\com\fasterxml\jackson\core\jackson-annotations\2.11.3\jackson-annotations-2.11.3.jar;D:\software\repository\com\fasterxml\jackson\core\jackson-core\2.11.3\jackson-core-2.11.3.jar;D:\software\repository\org\apache\tika\tika-core\1.24.1\tika-core-1.24.1.jar;D:\software\repository\org\jooq\joor-java-8\0.9.13\joor-java-8-0.9.13.jar;D:\software\repository\org\aspectj\aspectjweaver\1.8.10\aspectjweaver-1.8.10.jar;D:\software\repository\org\uncommons\reportng\1.1.4\reportng-1.1.4.jar;D:\software\repository\velocity\velocity\1.4\velocity-1.4.jar;D:\software\repository\velocity\velocity-dep\1.4\velocity-dep-1.4.jar;D:\software\repository\org\apache\velocity\velocity\1.7\velocity-1.7.jar;D:\software\repository\commons-collections\commons-collections\3.2.1\commons-collections-3.2.1.jar;D:\software\repository\commons-lang\commons-lang\2.4\commons-lang-2.4.jar;D:\software\repository\com\google\inject\guice\3.0\guice-3.0.jar;D:\software\repository\javax\inject\javax.inject\1\javax.inject-1.jar;D:\software\repository\aopalliance\aopalliance\1.0\aopalliance-1.0.jar;D:\software\repository\org\apache\logging\log4j\log4j-api\2.14.0\log4j-api-2.14.0.jar;D:\software\repository\log4j\log4j\1.2.16\log4j-1.2.16.jar;D:\software\repository\org\slf4j\slf4j-nop\1.7.2\slf4j-nop-1.7.2.jar;D:\software\repository\org\slf4j\slf4j-api\1.7.2\slf4j-api-1.7.2.jar;D:\software\repository\org\apache\poi\poi-ooxml\3.12\poi-ooxml-3.12.jar;D:\software\repository\org\apache\poi\poi-ooxml-schemas\3.12\poi-ooxml-schemas-3.12.jar;D:\software\repository\org\apache\xmlbeans\xmlbeans\2.6.0\xmlbeans-2.6.0.jar;D:\software\repository\stax\stax-api\1.0.1\stax-api-1.0.1.jar;D:\software\repository\org\apache\poi\poi\3.12\poi-3.12.jar;D:\software\repository\org\apache\zookeeper\zookeeper\3.6.2\zookeeper-3.6.2.jar;D:\software\repository\org\apache\zookeeper\zookeeper-jute\3.6.2\zookeeper-jute-3.6.2.jar;D:\software\repository\org\apache\yetus\audience-annotations\0.5.0\audience-annotations-0.5.0.jar;D:\software\repository\io\netty\netty-handler\4.1.50.Final\netty-handler-4.1.50.Final.jar;D:\software\repository\io\netty\netty-common\4.1.50.Final\netty-common-4.1.50.Final.jar;D:\software\repository\io\netty\netty-resolver\4.1.50.Final\netty-resolver-4.1.50.Final.jar;D:\software\repository\io\netty\netty-buffer\4.1.50.Final\netty-buffer-4.1.50.Final.jar;D:\software\repository\io\netty\netty-transport\4.1.50.Final\netty-transport-4.1.50.Final.jar;D:\software\repository\io\netty\netty-codec\4.1.50.Final\netty-codec-4.1.50.Final.jar;D:\software\repository\io\netty\netty-transport-native-epoll\4.1.50.Final\netty-transport-native-epoll-4.1.50.Final.jar;D:\software\repository\io\netty\netty-transport-native-unix-common\4.1.50.Final\netty-transport-native-unix-common-4.1.50.Final.jar;D:\software\repository\org\slf4j\slf4j-log4j12\1.7.25\slf4j-log4j12-1.7.25.jar;D:\software\repository\com\alibaba\dubbo\2.6.9\dubbo-2.6.9.jar;D:\software\repository\org\javassist\javassist\3.20.0-GA\javassist-3.20.0-GA.jar;D:\software\repository\org\jboss\netty\netty\3.2.5.Final\netty-3.2.5.Final.jar;D:\software\repository\com\101tec\zkclient\0.11\zkclient-0.11.jar;D:\software\repository\commons-codec\commons-codec\1.11\commons-codec-1.11.jar;"/>
    <property name="java.vm.vendor" value="Oracle Corporation"/>
    <property name="sun.arch.data.model" value="64"/>
    <property name="user.variant" value=""/>
    <property name="java.vendor.url" value="http://java.oracle.com/"/>
    <property name="user.timezone" value="Asia/Shanghai"/>
    <property name="java.vm.specification.version" value="1.8"/>
    <property name="os.name" value="Windows 10"/>
    <property name="user.country" value="CN"/>
    <property name="sun.java.launcher" value="SUN_STANDARD"/>
    <property name="sun.boot.library.path" value="D:\software\Java\jdk\jre\bin"/>
    <property name="sun.java.command" value="C:\Users\sly1993\AppData\Local\Temp\surefire3668209157200482845\surefirebooter4979326188693064054.jar C:\Users\sly1993\AppData\Local\Temp\surefire3668209157200482845 2021-02-13T12-53-41_997-jvmRun1 surefire2850354368953912138tmp surefire_02504075168805164106tmp"/>
    <property name="surefire.test.class.path" value="D:\java_code\gitcode\javastudy\target\test-classes;D:\java_code\gitcode\javastudy\target\classes;D:\software\repository\junit\junit\4.11\junit-4.11.jar;D:\software\repository\org\hamcrest\hamcrest-core\1.3\hamcrest-core-1.3.jar;D:\software\repository\org\testng\testng\6.14.2\testng-6.14.2.jar;D:\software\repository\com\beust\jcommander\1.72\jcommander-1.72.jar;D:\software\repository\org\apache-extras\beanshell\bsh\2.0b6\bsh-2.0b6.jar;D:\software\repository\org\apache\httpcomponents\httpclient\4.5.7\httpclient-4.5.7.jar;D:\software\repository\org\apache\httpcomponents\httpcore\4.4.11\httpcore-4.4.11.jar;D:\software\repository\commons-logging\commons-logging\1.2\commons-logging-1.2.jar;D:\software\repository\org\apache\httpcomponents\httpmime\4.5.7\httpmime-4.5.7.jar;D:\software\repository\mysql\mysql-connector-java\8.0.21\mysql-connector-java-8.0.21.jar;D:\software\repository\com\google\protobuf\protobuf-java\3.11.4\protobuf-java-3.11.4.jar;D:\software\repository\org\springframework\spring-core\5.2.9.RELEASE\spring-core-5.2.9.RELEASE.jar;D:\software\repository\org\springframework\spring-jcl\5.2.9.RELEASE\spring-jcl-5.2.9.RELEASE.jar;D:\software\repository\org\springframework\spring-beans\5.2.9.RELEASE\spring-beans-5.2.9.RELEASE.jar;D:\software\repository\org\springframework\spring-context\5.2.9.RELEASE\spring-context-5.2.9.RELEASE.jar;D:\software\repository\org\springframework\spring-aop\5.2.9.RELEASE\spring-aop-5.2.9.RELEASE.jar;D:\software\repository\org\springframework\spring-context-support\5.2.9.RELEASE\spring-context-support-5.2.9.RELEASE.jar;D:\software\repository\org\springframework\spring-expression\5.2.9.RELEASE\spring-expression-5.2.9.RELEASE.jar;D:\software\repository\org\springframework\spring-test\5.2.9.RELEASE\spring-test-5.2.9.RELEASE.jar;D:\software\repository\org\springframework\spring-jdbc\5.2.9.RELEASE\spring-jdbc-5.2.9.RELEASE.jar;D:\software\repository\org\springframework\spring-tx\5.2.9.RELEASE\spring-tx-5.2.9.RELEASE.jar;D:\software\repository\org\apache\logging\log4j\log4j-core\2.14.0\log4j-core-2.14.0.jar;D:\software\repository\org\mybatis\mybatis\3.5.5\mybatis-3.5.5.jar;D:\software\repository\org\mybatis\mybatis-spring\2.0.3\mybatis-spring-2.0.3.jar;D:\software\repository\org\seleniumhq\selenium\selenium-java\3.141.59\selenium-java-3.141.59.jar;D:\software\repository\org\seleniumhq\selenium\selenium-api\3.141.59\selenium-api-3.141.59.jar;D:\software\repository\org\seleniumhq\selenium\selenium-chrome-driver\3.141.59\selenium-chrome-driver-3.141.59.jar;D:\software\repository\org\seleniumhq\selenium\selenium-edge-driver\3.141.59\selenium-edge-driver-3.141.59.jar;D:\software\repository\org\seleniumhq\selenium\selenium-firefox-driver\3.141.59\selenium-firefox-driver-3.141.59.jar;D:\software\repository\org\seleniumhq\selenium\selenium-ie-driver\3.141.59\selenium-ie-driver-3.141.59.jar;D:\software\repository\org\seleniumhq\selenium\selenium-opera-driver\3.141.59\selenium-opera-driver-3.141.59.jar;D:\software\repository\org\seleniumhq\selenium\selenium-remote-driver\3.141.59\selenium-remote-driver-3.141.59.jar;D:\software\repository\org\seleniumhq\selenium\selenium-safari-driver\3.141.59\selenium-safari-driver-3.141.59.jar;D:\software\repository\org\seleniumhq\selenium\selenium-support\3.141.59\selenium-support-3.141.59.jar;D:\software\repository\net\bytebuddy\byte-buddy\1.8.15\byte-buddy-1.8.15.jar;D:\software\repository\org\apache\commons\commons-exec\1.3\commons-exec-1.3.jar;D:\software\repository\com\google\guava\guava\25.0-jre\guava-25.0-jre.jar;D:\software\repository\com\google\code\findbugs\jsr305\1.3.9\jsr305-1.3.9.jar;D:\software\repository\org\checkerframework\checker-compat-qual\2.0.0\checker-compat-qual-2.0.0.jar;D:\software\repository\com\google\errorprone\error_prone_annotations\2.1.3\error_prone_annotations-2.1.3.jar;D:\software\repository\com\google\j2objc\j2objc-annotations\1.1\j2objc-annotations-1.1.jar;D:\software\repository\org\codehaus\mojo\animal-sniffer-annotations\1.14\animal-sniffer-annotations-1.14.jar;D:\software\repository\com\squareup\okhttp3\okhttp\3.11.0\okhttp-3.11.0.jar;D:\software\repository\com\squareup\okio\okio\1.14.0\okio-1.14.0.jar;D:\software\repository\commons-io\commons-io\2.6\commons-io-2.6.jar;D:\software\repository\io\rest-assured\rest-assured\4.3.0\rest-assured-4.3.0.jar;D:\software\repository\org\codehaus\groovy\groovy\3.0.2\groovy-3.0.2.jar;D:\software\repository\org\codehaus\groovy\groovy-xml\3.0.2\groovy-xml-3.0.2.jar;D:\software\repository\org\hamcrest\hamcrest\2.1\hamcrest-2.1.jar;D:\software\repository\org\ccil\cowan\tagsoup\tagsoup\1.2.1\tagsoup-1.2.1.jar;D:\software\repository\io\rest-assured\json-path\4.3.0\json-path-4.3.0.jar;D:\software\repository\org\codehaus\groovy\groovy-json\3.0.2\groovy-json-3.0.2.jar;D:\software\repository\io\rest-assured\rest-assured-common\4.3.0\rest-assured-common-4.3.0.jar;D:\software\repository\io\rest-assured\xml-path\4.3.0\xml-path-4.3.0.jar;D:\software\repository\org\apache\commons\commons-lang3\3.4\commons-lang3-3.4.jar;D:\software\repository\jakarta\xml\bind\jakarta.xml.bind-api\2.3.2\jakarta.xml.bind-api-2.3.2.jar;D:\software\repository\jakarta\activation\jakarta.activation-api\1.2.1\jakarta.activation-api-1.2.1.jar;D:\software\repository\com\sun\xml\bind\jaxb-osgi\2.3.0.1\jaxb-osgi-2.3.0.1.jar;D:\software\repository\org\apache\sling\org.apache.sling.javax.activation\0.1.0\org.apache.sling.javax.activation-0.1.0.jar;D:\software\repository\javax\activation\activation\1.1.1\activation-1.1.1.jar;D:\software\repository\com\alibaba\fastjson\1.2.75\fastjson-1.2.75.jar;D:\software\repository\com\aventstack\extentreports\3.1.5\extentreports-3.1.5.jar;D:\software\repository\org\freemarker\freemarker\2.3.23\freemarker-2.3.23.jar;D:\software\repository\org\mongodb\mongodb-driver\3.3.0\mongodb-driver-3.3.0.jar;D:\software\repository\org\mongodb\bson\3.3.0\bson-3.3.0.jar;D:\software\repository\org\mongodb\mongodb-driver-core\3.3.0\mongodb-driver-core-3.3.0.jar;D:\software\repository\org\jsoup\jsoup\1.9.2\jsoup-1.9.2.jar;D:\software\repository\com\google\code\gson\gson\2.8.0\gson-2.8.0.jar;D:\software\repository\io\qameta\allure\allure-testng\2.13.8\allure-testng-2.13.8.jar;D:\software\repository\io\qameta\allure\allure-java-commons\2.13.8\allure-java-commons-2.13.8.jar;D:\software\repository\io\qameta\allure\allure-model\2.13.8\allure-model-2.13.8.jar;D:\software\repository\com\fasterxml\jackson\core\jackson-databind\2.11.3\jackson-databind-2.11.3.jar;D:\software\repository\com\fasterxml\jackson\core\jackson-annotations\2.11.3\jackson-annotations-2.11.3.jar;D:\software\repository\com\fasterxml\jackson\core\jackson-core\2.11.3\jackson-core-2.11.3.jar;D:\software\repository\org\apache\tika\tika-core\1.24.1\tika-core-1.24.1.jar;D:\software\repository\org\jooq\joor-java-8\0.9.13\joor-java-8-0.9.13.jar;D:\software\repository\org\aspectj\aspectjweaver\1.8.10\aspectjweaver-1.8.10.jar;D:\software\repository\org\uncommons\reportng\1.1.4\reportng-1.1.4.jar;D:\software\repository\velocity\velocity\1.4\velocity-1.4.jar;D:\software\repository\velocity\velocity-dep\1.4\velocity-dep-1.4.jar;D:\software\repository\org\apache\velocity\velocity\1.7\velocity-1.7.jar;D:\software\repository\commons-collections\commons-collections\3.2.1\commons-collections-3.2.1.jar;D:\software\repository\commons-lang\commons-lang\2.4\commons-lang-2.4.jar;D:\software\repository\com\google\inject\guice\3.0\guice-3.0.jar;D:\software\repository\javax\inject\javax.inject\1\javax.inject-1.jar;D:\software\repository\aopalliance\aopalliance\1.0\aopalliance-1.0.jar;D:\software\repository\org\apache\logging\log4j\log4j-api\2.14.0\log4j-api-2.14.0.jar;D:\software\repository\log4j\log4j\1.2.16\log4j-1.2.16.jar;D:\software\repository\org\slf4j\slf4j-nop\1.7.2\slf4j-nop-1.7.2.jar;D:\software\repository\org\slf4j\slf4j-api\1.7.2\slf4j-api-1.7.2.jar;D:\software\repository\org\apache\poi\poi-ooxml\3.12\poi-ooxml-3.12.jar;D:\software\repository\org\apache\poi\poi-ooxml-schemas\3.12\poi-ooxml-schemas-3.12.jar;D:\software\repository\org\apache\xmlbeans\xmlbeans\2.6.0\xmlbeans-2.6.0.jar;D:\software\repository\stax\stax-api\1.0.1\stax-api-1.0.1.jar;D:\software\repository\org\apache\poi\poi\3.12\poi-3.12.jar;D:\software\repository\org\apache\zookeeper\zookeeper\3.6.2\zookeeper-3.6.2.jar;D:\software\repository\org\apache\zookeeper\zookeeper-jute\3.6.2\zookeeper-jute-3.6.2.jar;D:\software\repository\org\apache\yetus\audience-annotations\0.5.0\audience-annotations-0.5.0.jar;D:\software\repository\io\netty\netty-handler\4.1.50.Final\netty-handler-4.1.50.Final.jar;D:\software\repository\io\netty\netty-common\4.1.50.Final\netty-common-4.1.50.Final.jar;D:\software\repository\io\netty\netty-resolver\4.1.50.Final\netty-resolver-4.1.50.Final.jar;D:\software\repository\io\netty\netty-buffer\4.1.50.Final\netty-buffer-4.1.50.Final.jar;D:\software\repository\io\netty\netty-transport\4.1.50.Final\netty-transport-4.1.50.Final.jar;D:\software\repository\io\netty\netty-codec\4.1.50.Final\netty-codec-4.1.50.Final.jar;D:\software\repository\io\netty\netty-transport-native-epoll\4.1.50.Final\netty-transport-native-epoll-4.1.50.Final.jar;D:\software\repository\io\netty\netty-transport-native-unix-common\4.1.50.Final\netty-transport-native-unix-common-4.1.50.Final.jar;D:\software\repository\org\slf4j\slf4j-log4j12\1.7.25\slf4j-log4j12-1.7.25.jar;D:\software\repository\com\alibaba\dubbo\2.6.9\dubbo-2.6.9.jar;D:\software\repository\org\javassist\javassist\3.20.0-GA\javassist-3.20.0-GA.jar;D:\software\repository\org\jboss\netty\netty\3.2.5.Final\netty-3.2.5.Final.jar;D:\software\repository\com\101tec\zkclient\0.11\zkclient-0.11.jar;D:\software\repository\commons-codec\commons-codec\1.11\commons-codec-1.11.jar;"/>
    <property name="sun.cpu.endian" value="little"/>
    <property name="user.home" value="C:\Users\sly1993"/>
    <property name="user.language" value="zh"/>
    <property name="java.specification.vendor" value="Oracle Corporation"/>
    <property name="java.home" value="D:\software\Java\jdk\jre"/>
    <property name="basedir" value="D:\java_code\gitcode\javastudy"/>
    <property name="file.separator" value="\"/>
    <property name="line.separator" value="&#10;"/>
    <property name="java.vm.specification.vendor" value="Oracle Corporation"/>
    <property name="java.specification.name" value="Java Platform API Specification"/>
    <property name="java.awt.graphicsenv" value="sun.awt.Win32GraphicsEnvironment"/>
    <property name="surefire.real.class.path" value="C:\Users\sly1993\AppData\Local\Temp\surefire3668209157200482845\surefirebooter4979326188693064054.jar"/>
    <property name="sun.boot.class.path" value="D:\software\Java\jdk\jre\lib\resources.jar;D:\software\Java\jdk\jre\lib\rt.jar;D:\software\Java\jdk\jre\lib\sunrsasign.jar;D:\software\Java\jdk\jre\lib\jsse.jar;D:\software\Java\jdk\jre\lib\jce.jar;D:\software\Java\jdk\jre\lib\charsets.jar;D:\software\Java\jdk\jre\lib\jfr.jar;D:\software\Java\jdk\jre\classes"/>
    <property name="user.script" value=""/>
    <property name="sun.management.compiler" value="HotSpot 64-Bit Tiered Compilers"/>
    <property name="java.runtime.version" value="1.8.0_121-b13"/>
    <property name="user.name" value="sly1993"/>
    <property name="path.separator" value=";"/>
    <property name="os.version" value="10.0"/>
    <property name="java.endorsed.dirs" value="D:\software\Java\jdk\jre\lib\endorsed"/>
    <property name="java.runtime.name" value="Java(TM) SE Runtime Environment"/>
    <property name="file.encoding" value="GBK"/>
    <property name="java.vm.name" value="Java HotSpot(TM) 64-Bit Server VM"/>
    <property name="localRepository" value="D:\software\repository"/>
    <property name="java.vendor.url.bug" value="http://bugreport.sun.com/bugreport/"/>
    <property name="java.io.tmpdir" value="C:\Users\sly1993\AppData\Local\Temp\"/>
    <property name="java.version" value="1.8.0_121"/>
    <property name="user.dir" value="D:\java_code\gitcode\javastudy"/>
    <property name="os.arch" value="amd64"/>
    <property name="java.vm.specification.name" value="Java Virtual Machine Specification"/>
    <property name="java.awt.printerjob" value="sun.awt.windows.WPrinterJob"/>
    <property name="sun.os.patch.level" value=""/>
    <property name="java.library.path" value="D:\software\Java\jdk\jre\bin;C:\WINDOWS\Sun\Java\bin;C:\WINDOWS\system32;C:\WINDOWS;C:\ProgramData\Oracle\Java\javapath;C:\WINDOWS\system32;C:\WINDOWS;C:\WINDOWS\System32\Wbem;C:\WINDOWS\System32\WindowsPowerShell\v1.0\;D:\software\Java\jdk\bin;D:\software\Java\jdk\jre\bin;D:\software\Python36;D:\software\Python36\Scripts;C:\WINDOWS\System32\OpenSSH\;D:\nodejs;D:\tool\apache-jmeter-5.3\bin;D:\software\new_sdk\tools;D:\software\new_sdk\platform-tools;D:\software\apache-maven-3.3.9\bin;D:\tool\allure-2.11.0\bin;D:\software\Git\cmd;D:\software\Git\bin;D:\software\Git\usr\bin;D:\software\Python36\Scripts\;D:\software\Python36\;C:\Users\sly1993\AppData\Local\Microsoft\WindowsApps;D:\software\Microsoft VS Code\Microsoft VS Code\bin;D:\nodejs\node_global;;."/>
    <property name="java.vm.info" value="mixed mode"/>
    <property name="java.vendor" value="Oracle Corporation"/>
    <property name="java.vm.version" value="25.121-b13"/>
    <property name="java.ext.dirs" value="D:\software\Java\jdk\jre\lib\ext;C:\WINDOWS\Sun\Java\lib\ext"/>
    <property name="sun.io.unicode.encoding" value="UnicodeLittle"/>
    <property name="java.class.version" value="52.0"/>
  </properties>
  <testcase name="init" classname="com.crm.testcase.AddContactsTests" time="24.087">
    <failure message="Connect to 192.168.23.135:8090 [/192.168.23.135] failed: Connection timed out: connect" type="org.apache.http.conn.HttpHostConnectException">org.apache.http.conn.HttpHostConnectException: Connect to 192.168.23.135:8090 [/192.168.23.135] failed: Connection timed out: connect
Caused by: java.net.ConnectException: Connection timed out: connect
</failure>
    <system-err><![CDATA[SLF4J: Class path contains multiple SLF4J bindings.
SLF4J: Found binding in [jar:file:/D:/software/repository/org/slf4j/slf4j-nop/1.7.2/slf4j-nop-1.7.2.jar!/org/slf4j/impl/StaticLoggerBinder.class]
SLF4J: Found binding in [jar:file:/D:/software/repository/org/slf4j/slf4j-log4j12/1.7.25/slf4j-log4j12-1.7.25.jar!/org/slf4j/impl/StaticLoggerBinder.class]
SLF4J: See http://www.slf4j.org/codes.html#multiple_bindings for an explanation.
SLF4J: Actual binding is of type [org.slf4j.helpers.NOPLoggerFactory]
二月 13, 2021 12:53:47 下午 com.testfan.MavenStudy.apistudy.common.MyHttpMethod PostForm
信息: url:http://192.168.23.135:8090/login
二月 13, 2021 12:53:47 下午 com.testfan.MavenStudy.apistudy.common.MyHttpMethod PostForm
信息: 参数：password=123456
二月 13, 2021 12:53:47 下午 com.testfan.MavenStudy.apistudy.common.MyHttpMethod PostForm
信息: 参数：username=admin
]]></system-err>
  </testcase>
  <testcase name="test001_AddContacts" classname="com.crm.testcase.AddContactsTests" time="0">
    <skipped message="Connect to 192.168.23.135:8090 [/192.168.23.135] failed: Connection timed out: connect"/>
  </testcase>
  <testcase name="test002_AddContacts" classname="com.crm.testcase.AddContactsTests" time="0">
    <skipped message="Connect to 192.168.23.135:8090 [/192.168.23.135] failed: Connection timed out: connect"/>
  </testcase>
  <testcase name="test003_AddContacts" classname="com.crm.testcase.AddContactsTests" time="0">
    <skipped message="Connect to 192.168.23.135:8090 [/192.168.23.135] failed: Connection timed out: connect"/>
  </testcase>
  <testcase name="test004_AddContacts" classname="com.crm.testcase.AddContactsTests" time="0">
    <skipped message="Connect to 192.168.23.135:8090 [/192.168.23.135] failed: Connection timed out: connect"/>
  </testcase>
  <testcase name="test005_AddContacts" classname="com.crm.testcase.AddContactsTests" time="0">
    <skipped message="Connect to 192.168.23.135:8090 [/192.168.23.135] failed: Connection timed out: connect"/>
  </testcase>
  <testcase name="test006_AddContacts" classname="com.crm.testcase.AddContactsTests" time="0">
    <skipped message="Connect to 192.168.23.135:8090 [/192.168.23.135] failed: Connection timed out: connect"/>
  </testcase>
  <testcase name="afterclass" classname="com.crm.testcase.AddContactsTests" time="0">
    <skipped/>
  </testcase>
  <testcase name="test01_lottery" classname="com.dubbo.dubbotest.lotterytest.DubboTests" time="5.613">
    <failure message="Fail to create remoting client for service(dubbo://192.168.23.135:20880/cn.testfan.dubbo.service.MarketService?application=test&amp;codec=dubbo&amp;dubbo=2.0.2&amp;generic=true&amp;heartbeat=60000&amp;interface=/cn.testfan.dubbo.service.MarketService&amp;pid=8304&amp;register.ip=192.168.56.1&amp;side=consumer&amp;timeout=20000&amp;timestamp=1613192049267&amp;version=1.0): client(url: dubbo://192.168.23.135:20880/cn.testfan.dubbo.service.MarketService?application=test&amp;codec=dubbo&amp;dubbo=2.0.2&amp;generic=true&amp;heartbeat=60000&amp;interface=/cn.testfan.dubbo.service.MarketService&amp;pid=8304&amp;register.ip=192.168.56.1&amp;side=consumer&amp;timeout=20000&amp;timestamp=1613192049267&amp;version=1.0) failed to connect to server /192.168.23.135:20880 client-side timeout 3000ms (elapsed: 4707ms) from netty client 192.168.56.1 using dubbo version 2.6.9" type="com.alibaba.dubbo.rpc.RpcException"><![CDATA[com.alibaba.dubbo.rpc.RpcException: Fail to create remoting client for service(dubbo://192.168.23.135:20880/cn.testfan.dubbo.service.MarketService?application=test&codec=dubbo&dubbo=2.0.2&generic=true&heartbeat=60000&interface=/cn.testfan.dubbo.service.MarketService&pid=8304&register.ip=192.168.56.1&side=consumer&timeout=20000&timestamp=1613192049267&version=1.0): client(url: dubbo://192.168.23.135:20880/cn.testfan.dubbo.service.MarketService?application=test&codec=dubbo&dubbo=2.0.2&generic=true&heartbeat=60000&interface=/cn.testfan.dubbo.service.MarketService&pid=8304&register.ip=192.168.56.1&side=consumer&timeout=20000&timestamp=1613192049267&version=1.0) failed to connect to server /192.168.23.135:20880 client-side timeout 3000ms (elapsed: 4707ms) from netty client 192.168.56.1 using dubbo version 2.6.9
	at com.dubbo.dubbotest.lotterytest.DubboTests.test01_lottery(DubboTests.java:20)
Caused by: com.alibaba.dubbo.remoting.RemotingException: client(url: dubbo://192.168.23.135:20880/cn.testfan.dubbo.service.MarketService?application=test&codec=dubbo&dubbo=2.0.2&generic=true&heartbeat=60000&interface=/cn.testfan.dubbo.service.MarketService&pid=8304&register.ip=192.168.56.1&side=consumer&timeout=20000&timestamp=1613192049267&version=1.0) failed to connect to server /192.168.23.135:20880 client-side timeout 3000ms (elapsed: 4707ms) from netty client 192.168.56.1 using dubbo version 2.6.9
	at com.dubbo.dubbotest.lotterytest.DubboTests.test01_lottery(DubboTests.java:20)
]]></failure>
    <system-out><![CDATA[[crazyapi] 2021/02/13 12:54:8   INFO main com.alibaba.dubbo.common.logger.LoggerFactory:? - using logger: com.alibaba.dubbo.common.logger.log4j.Log4jLoggerAdapter 
[crazyapi] 2021/02/13 12:54:8  DEBUG main com.alibaba.dubbo.common.extension.ExtensionLoader:942 -  [DUBBO] package com.alibaba.dubbo.rpc;
import com.alibaba.dubbo.common.extension.ExtensionLoader;
public class Protocol$Adaptive implements com.alibaba.dubbo.rpc.Protocol {
public void destroy() {throw new UnsupportedOperationException("method public abstract void com.alibaba.dubbo.rpc.Protocol.destroy() of interface com.alibaba.dubbo.rpc.Protocol is not adaptive method!");
}
public int getDefaultPort() {throw new UnsupportedOperationException("method public abstract int com.alibaba.dubbo.rpc.Protocol.getDefaultPort() of interface com.alibaba.dubbo.rpc.Protocol is not adaptive method!");
}
public com.alibaba.dubbo.rpc.Exporter export(com.alibaba.dubbo.rpc.Invoker arg0) throws com.alibaba.dubbo.rpc.RpcException {
if (arg0 == null) throw new IllegalArgumentException("com.alibaba.dubbo.rpc.Invoker argument == null");
if (arg0.getUrl() == null) throw new IllegalArgumentException("com.alibaba.dubbo.rpc.Invoker argument getUrl() == null");com.alibaba.dubbo.common.URL url = arg0.getUrl();
String extName = ( url.getProtocol() == null ? "dubbo" : url.getProtocol() );
if(extName == null) throw new IllegalStateException("Fail to get extension(com.alibaba.dubbo.rpc.Protocol) name from url(" + url.toString() + ") use keys([protocol])");
com.alibaba.dubbo.rpc.Protocol extension = (com.alibaba.dubbo.rpc.Protocol)ExtensionLoader.getExtensionLoader(com.alibaba.dubbo.rpc.Protocol.class).getExtension(extName);
return extension.export(arg0);
}
public com.alibaba.dubbo.rpc.Invoker refer(java.lang.Class arg0, com.alibaba.dubbo.common.URL arg1) throws com.alibaba.dubbo.rpc.RpcException {
if (arg1 == null) throw new IllegalArgumentException("url == null");
com.alibaba.dubbo.common.URL url = arg1;
String extName = ( url.getProtocol() == null ? "dubbo" : url.getProtocol() );
if(extName == null) throw new IllegalStateException("Fail to get extension(com.alibaba.dubbo.rpc.Protocol) name from url(" + url.toString() + ") use keys([protocol])");
com.alibaba.dubbo.rpc.Protocol extension = (com.alibaba.dubbo.rpc.Protocol)ExtensionLoader.getExtensionLoader(com.alibaba.dubbo.rpc.Protocol.class).getExtension(extName);
return extension.refer(arg0, arg1);
}
}, dubbo version: 2.6.9, current host: 192.168.56.1 
[crazyapi] 2021/02/13 12:54:8   WARN main com.alibaba.dubbo.config.spring.extension.SpringExtensionFactory:75 -  [DUBBO] No spring extension (bean) named:defaultCompiler, try to find an extension (bean) of type java.lang.String, dubbo version: 2.6.9, current host: 192.168.56.1 
[crazyapi] 2021/02/13 12:54:8   WARN main com.alibaba.dubbo.config.spring.extension.SpringExtensionFactory:93 -  [DUBBO] No spring extension (bean) named:defaultCompiler, type:java.lang.String found, stop get bean., dubbo version: 2.6.9, current host: 192.168.56.1 
[crazyapi] 2021/02/13 12:54:9  DEBUG main com.alibaba.dubbo.common.extension.ExtensionLoader:942 -  [DUBBO] package com.alibaba.dubbo.rpc.cluster;
import com.alibaba.dubbo.common.extension.ExtensionLoader;
public class Cluster$Adaptive implements com.alibaba.dubbo.rpc.cluster.Cluster {
public com.alibaba.dubbo.rpc.Invoker join(com.alibaba.dubbo.rpc.cluster.Directory arg0) throws com.alibaba.dubbo.rpc.RpcException {
if (arg0 == null) throw new IllegalArgumentException("com.alibaba.dubbo.rpc.cluster.Directory argument == null");
if (arg0.getUrl() == null) throw new IllegalArgumentException("com.alibaba.dubbo.rpc.cluster.Directory argument getUrl() == null");com.alibaba.dubbo.common.URL url = arg0.getUrl();
String extName = url.getParameter("cluster", "failover");
if(extName == null) throw new IllegalStateException("Fail to get extension(com.alibaba.dubbo.rpc.cluster.Cluster) name from url(" + url.toString() + ") use keys([cluster])");
com.alibaba.dubbo.rpc.cluster.Cluster extension = (com.alibaba.dubbo.rpc.cluster.Cluster)ExtensionLoader.getExtensionLoader(com.alibaba.dubbo.rpc.cluster.Cluster.class).getExtension(extName);
return extension.join(arg0);
}
}, dubbo version: 2.6.9, current host: 192.168.56.1 
[crazyapi] 2021/02/13 12:54:9  DEBUG main com.alibaba.dubbo.common.extension.ExtensionLoader:942 -  [DUBBO] package com.alibaba.dubbo.rpc;
import com.alibaba.dubbo.common.extension.ExtensionLoader;
public class ProxyFactory$Adaptive implements com.alibaba.dubbo.rpc.ProxyFactory {
public java.lang.Object getProxy(com.alibaba.dubbo.rpc.Invoker arg0) throws com.alibaba.dubbo.rpc.RpcException {
if (arg0 == null) throw new IllegalArgumentException("com.alibaba.dubbo.rpc.Invoker argument == null");
if (arg0.getUrl() == null) throw new IllegalArgumentException("com.alibaba.dubbo.rpc.Invoker argument getUrl() == null");com.alibaba.dubbo.common.URL url = arg0.getUrl();
String extName = url.getParameter("proxy", "javassist");
if(extName == null) throw new IllegalStateException("Fail to get extension(com.alibaba.dubbo.rpc.ProxyFactory) name from url(" + url.toString() + ") use keys([proxy])");
com.alibaba.dubbo.rpc.ProxyFactory extension = (com.alibaba.dubbo.rpc.ProxyFactory)ExtensionLoader.getExtensionLoader(com.alibaba.dubbo.rpc.ProxyFactory.class).getExtension(extName);
return extension.getProxy(arg0);
}
public java.lang.Object getProxy(com.alibaba.dubbo.rpc.Invoker arg0, boolean arg1) throws com.alibaba.dubbo.rpc.RpcException {
if (arg0 == null) throw new IllegalArgumentException("com.alibaba.dubbo.rpc.Invoker argument == null");
if (arg0.getUrl() == null) throw new IllegalArgumentException("com.alibaba.dubbo.rpc.Invoker argument getUrl() == null");com.alibaba.dubbo.common.URL url = arg0.getUrl();
String extName = url.getParameter("proxy", "javassist");
if(extName == null) throw new IllegalStateException("Fail to get extension(com.alibaba.dubbo.rpc.ProxyFactory) name from url(" + url.toString() + ") use keys([proxy])");
com.alibaba.dubbo.rpc.ProxyFactory extension = (com.alibaba.dubbo.rpc.ProxyFactory)ExtensionLoader.getExtensionLoader(com.alibaba.dubbo.rpc.ProxyFactory.class).getExtension(extName);
return extension.getProxy(arg0, arg1);
}
public com.alibaba.dubbo.rpc.Invoker getInvoker(java.lang.Object arg0, java.lang.Class arg1, com.alibaba.dubbo.common.URL arg2) throws com.alibaba.dubbo.rpc.RpcException {
if (arg2 == null) throw new IllegalArgumentException("url == null");
com.alibaba.dubbo.common.URL url = arg2;
String extName = url.getParameter("proxy", "javassist");
if(extName == null) throw new IllegalStateException("Fail to get extension(com.alibaba.dubbo.rpc.ProxyFactory) name from url(" + url.toString() + ") use keys([proxy])");
com.alibaba.dubbo.rpc.ProxyFactory extension = (com.alibaba.dubbo.rpc.ProxyFactory)ExtensionLoader.getExtensionLoader(com.alibaba.dubbo.rpc.ProxyFactory.class).getExtension(extName);
return extension.getInvoker(arg0, arg1, arg2);
}
}, dubbo version: 2.6.9, current host: 192.168.56.1 
[crazyapi] 2021/02/13 12:54:9  DEBUG main com.alibaba.dubbo.common.extension.ExtensionLoader:942 -  [DUBBO] package com.alibaba.dubbo.remoting;
import com.alibaba.dubbo.common.extension.ExtensionLoader;
public class Transporter$Adaptive implements com.alibaba.dubbo.remoting.Transporter {
public com.alibaba.dubbo.remoting.Client connect(com.alibaba.dubbo.common.URL arg0, com.alibaba.dubbo.remoting.ChannelHandler arg1) throws com.alibaba.dubbo.remoting.RemotingException {
if (arg0 == null) throw new IllegalArgumentException("url == null");
com.alibaba.dubbo.common.URL url = arg0;
String extName = url.getParameter("client", url.getParameter("transporter", "netty"));
if(extName == null) throw new IllegalStateException("Fail to get extension(com.alibaba.dubbo.remoting.Transporter) name from url(" + url.toString() + ") use keys([client, transporter])");
com.alibaba.dubbo.remoting.Transporter extension = (com.alibaba.dubbo.remoting.Transporter)ExtensionLoader.getExtensionLoader(com.alibaba.dubbo.remoting.Transporter.class).getExtension(extName);
return extension.connect(arg0, arg1);
}
public com.alibaba.dubbo.remoting.Server bind(com.alibaba.dubbo.common.URL arg0, com.alibaba.dubbo.remoting.ChannelHandler arg1) throws com.alibaba.dubbo.remoting.RemotingException {
if (arg0 == null) throw new IllegalArgumentException("url == null");
com.alibaba.dubbo.common.URL url = arg0;
String extName = url.getParameter("server", url.getParameter("transporter", "netty"));
if(extName == null) throw new IllegalStateException("Fail to get extension(com.alibaba.dubbo.remoting.Transporter) name from url(" + url.toString() + ") use keys([server, transporter])");
com.alibaba.dubbo.remoting.Transporter extension = (com.alibaba.dubbo.remoting.Transporter)ExtensionLoader.getExtensionLoader(com.alibaba.dubbo.remoting.Transporter.class).getExtension(extName);
return extension.bind(arg0, arg1);
}
}, dubbo version: 2.6.9, current host: 192.168.56.1 
[crazyapi] 2021/02/13 12:54:9  DEBUG main com.alibaba.dubbo.common.extension.ExtensionLoader:942 -  [DUBBO] package com.alibaba.dubbo.remoting;
import com.alibaba.dubbo.common.extension.ExtensionLoader;
public class Dispatcher$Adaptive implements com.alibaba.dubbo.remoting.Dispatcher {
public com.alibaba.dubbo.remoting.ChannelHandler dispatch(com.alibaba.dubbo.remoting.ChannelHandler arg0, com.alibaba.dubbo.common.URL arg1) {
if (arg1 == null) throw new IllegalArgumentException("url == null");
com.alibaba.dubbo.common.URL url = arg1;
String extName = url.getParameter("dispatcher", url.getParameter("dispather", url.getParameter("channel.handler", "all")));
if(extName == null) throw new IllegalStateException("Fail to get extension(com.alibaba.dubbo.remoting.Dispatcher) name from url(" + url.toString() + ") use keys([dispatcher, dispather, channel.handler])");
com.alibaba.dubbo.remoting.Dispatcher extension = (com.alibaba.dubbo.remoting.Dispatcher)ExtensionLoader.getExtensionLoader(com.alibaba.dubbo.remoting.Dispatcher.class).getExtension(extName);
return extension.dispatch(arg0, arg1);
}
}, dubbo version: 2.6.9, current host: 192.168.56.1 
[crazyapi] 2021/02/13 12:54:9  DEBUG main com.alibaba.dubbo.common.extension.ExtensionLoader:942 -  [DUBBO] package com.alibaba.dubbo.common.threadpool;
import com.alibaba.dubbo.common.extension.ExtensionLoader;
public class ThreadPool$Adaptive implements com.alibaba.dubbo.common.threadpool.ThreadPool {
public java.util.concurrent.Executor getExecutor(com.alibaba.dubbo.common.URL arg0) {
if (arg0 == null) throw new IllegalArgumentException("url == null");
com.alibaba.dubbo.common.URL url = arg0;
String extName = url.getParameter("threadpool", "fixed");
if(extName == null) throw new IllegalStateException("Fail to get extension(com.alibaba.dubbo.common.threadpool.ThreadPool) name from url(" + url.toString() + ") use keys([threadpool])");
com.alibaba.dubbo.common.threadpool.ThreadPool extension = (com.alibaba.dubbo.common.threadpool.ThreadPool)ExtensionLoader.getExtensionLoader(com.alibaba.dubbo.common.threadpool.ThreadPool.class).getExtension(extName);
return extension.getExecutor(arg0);
}
}, dubbo version: 2.6.9, current host: 192.168.56.1 
]]></system-out>
    <system-err><![CDATA[二月 13, 2021 12:54:09 下午 com.testfan.MavenStudy.apistudy.dubbostudy.Serviceinit getService
信息: 传入的版本是：1.0
二月 13, 2021 12:54:09 下午 com.testfan.MavenStudy.apistudy.dubbostudy.Serviceinit getService
信息: 传入的url是：dubbo://192.168.23.135:20880
二月 13, 2021 12:54:09 下午 com.testfan.MavenStudy.apistudy.dubbostudy.Serviceinit getService
信息: 传入的setInterface是：/cn.testfan.dubbo.service.MarketService
]]></system-err>
  </testcase>
  <testcase name="test02_lottery" classname="com.dubbo.dubbotest.lotterytest.DubboTests" time="0.006">
    <failure type="java.lang.NullPointerException">java.lang.NullPointerException
	at com.dubbo.dubbotest.lotterytest.DubboTests.test02_lottery(DubboTests.java:37)
</failure>
    <system-err><![CDATA[二月 13, 2021 12:54:14 下午 com.testfan.MavenStudy.apistudy.dubbostudy.Serviceinit getService
信息: 传入的版本是：1.0
二月 13, 2021 12:54:14 下午 com.testfan.MavenStudy.apistudy.dubbostudy.Serviceinit getService
信息: 传入的url是：dubbo://192.168.23.135:20880
二月 13, 2021 12:54:14 下午 com.testfan.MavenStudy.apistudy.dubbostudy.Serviceinit getService
信息: 传入的setInterface是：/cn.testfan.dubbo.service.MarketService
]]></system-err>
  </testcase>
  <testcase name="test03_lottery" classname="com.dubbo.dubbotest.lotterytest.DubboTests" time="0.009">
    <failure type="java.lang.NullPointerException">java.lang.NullPointerException
	at com.dubbo.dubbotest.lotterytest.DubboTests.test03_lottery(DubboTests.java:47)
</failure>
    <system-err><![CDATA[二月 13, 2021 12:54:14 下午 com.testfan.MavenStudy.apistudy.dubbostudy.Serviceinit getService
信息: 传入的版本是：1.0
二月 13, 2021 12:54:14 下午 com.testfan.MavenStudy.apistudy.dubbostudy.Serviceinit getService
信息: 传入的url是：dubbo://192.168.23.135:20880
二月 13, 2021 12:54:14 下午 com.testfan.MavenStudy.apistudy.dubbostudy.Serviceinit getService
信息: 传入的setInterface是：/cn.testfan.dubbo.service.MarketService
]]></system-err>
  </testcase>
  <testcase name="test04_lottery" classname="com.dubbo.dubbotest.lotterytest.DubboTests" time="0.006">
    <failure type="java.lang.NullPointerException">java.lang.NullPointerException
	at com.dubbo.dubbotest.lotterytest.DubboTests.test04_lottery(DubboTests.java:57)
</failure>
    <system-err><![CDATA[二月 13, 2021 12:54:14 下午 com.testfan.MavenStudy.apistudy.dubbostudy.Serviceinit getService
信息: 传入的版本是：1.0
二月 13, 2021 12:54:14 下午 com.testfan.MavenStudy.apistudy.dubbostudy.Serviceinit getService
信息: 传入的url是：dubbo://192.168.23.135:20880
二月 13, 2021 12:54:14 下午 com.testfan.MavenStudy.apistudy.dubbostudy.Serviceinit getService
信息: 传入的setInterface是：/cn.testfan.dubbo.service.MarketService
]]></system-err>
  </testcase>
  <testcase name="init" classname="com.crm.testcase.AddCustomerTests" time="0">
    <skipped/>
  </testcase>
  <testcase name="test001_AddCustomer" classname="com.crm.testcase.AddCustomerTests" time="0">
    <skipped message="Connect to 192.168.23.135:8090 [/192.168.23.135] failed: Connection timed out: connect"/>
  </testcase>
  <testcase name="test002_AddCustomer" classname="com.crm.testcase.AddCustomerTests" time="0">
    <skipped message="Connect to 192.168.23.135:8090 [/192.168.23.135] failed: Connection timed out: connect"/>
  </testcase>
  <testcase name="test003_AddCustomer" classname="com.crm.testcase.AddCustomerTests" time="0">
    <skipped message="Connect to 192.168.23.135:8090 [/192.168.23.135] failed: Connection timed out: connect"/>
  </testcase>
  <testcase name="test004_AddCustomer" classname="com.crm.testcase.AddCustomerTests" time="0">
    <skipped message="Connect to 192.168.23.135:8090 [/192.168.23.135] failed: Connection timed out: connect"/>
  </testcase>
  <testcase name="afterclass" classname="com.crm.testcase.AddCustomerTests" time="0">
    <skipped/>
  </testcase>
  <testcase name="init" classname="com.crm.testcase.DataDriverTests" time="0">
    <skipped/>
  </testcase>
  <testcase name="Test" classname="com.crm.testcase.DataDriverTests" time="0">
    <skipped message="Connect to 192.168.23.135:8090 [/192.168.23.135] failed: Connection timed out: connect"/>
    <system-out><![CDATA[工作表有几行：4
工作表有几列：7
[crazyapi] 2021/02/13 12:54:15   INFO main com.testfan.MavenStudy.apistudy.utils.ExcelUtil:88 - 读取【crm】的第1行第0列的值是：创建客户-正确 
[crazyapi] 2021/02/13 12:54:15   INFO main com.testfan.MavenStudy.apistudy.utils.ExcelUtil:88 - 读取【crm】的第1行第1列的值是：创建客户 
[crazyapi] 2021/02/13 12:54:15   INFO main com.testfan.MavenStudy.apistudy.utils.ExcelUtil:88 - 读取【crm】的第1行第2列的值是：/CrmCustomer/addOrUpdate 
[crazyapi] 2021/02/13 12:54:15   INFO main com.testfan.MavenStudy.apistudy.utils.ExcelUtil:88 - 读取【crm】的第1行第3列的值是：POST 
[crazyapi] 2021/02/13 12:54:15   INFO main com.testfan.MavenStudy.apistudy.utils.ExcelUtil:88 - 读取【crm】的第1行第4列的值是：{
"Admin-Token":"token"
} 
[crazyapi] 2021/02/13 12:54:15   INFO main com.testfan.MavenStudy.apistudy.utils.ExcelUtil:88 - 读取【crm】的第1行第5列的值是：{
 "entity": {
  "customer_name": "shamo123",
  "mobile": "18991112345",
  "telephone": "01028375678",
  "website": "http://testfan.cn",
  "next_time": "2020-04-02 00:00:00",
  "remark": "这是备注",
  "address": "北京市,北京城区,昌平区",
  "detailAddress": "霍营地铁",
  "location": "",
  "lng": "",
  "lat": ""
 }
} 
[crazyapi] 2021/02/13 12:54:15   INFO main com.testfan.MavenStudy.apistudy.utils.ExcelUtil:88 - 读取【crm】的第1行第6列的值是：{
"code":0
} 
[crazyapi] 2021/02/13 12:54:15   INFO main com.testfan.MavenStudy.apistudy.utils.ExcelUtil:88 - 读取【crm】的第2行第0列的值是：创建客户-客户名称为空 
[crazyapi] 2021/02/13 12:54:15   INFO main com.testfan.MavenStudy.apistudy.utils.ExcelUtil:88 - 读取【crm】的第2行第1列的值是：创建客户 
[crazyapi] 2021/02/13 12:54:15   INFO main com.testfan.MavenStudy.apistudy.utils.ExcelUtil:88 - 读取【crm】的第2行第2列的值是：/CrmCustomer/addOrUpdate 
[crazyapi] 2021/02/13 12:54:15   INFO main com.testfan.MavenStudy.apistudy.utils.ExcelUtil:88 - 读取【crm】的第2行第3列的值是：POST 
[crazyapi] 2021/02/13 12:54:15   INFO main com.testfan.MavenStudy.apistudy.utils.ExcelUtil:88 - 读取【crm】的第2行第4列的值是：{
"Admin-Token":"token"
} 
[crazyapi] 2021/02/13 12:54:15   INFO main com.testfan.MavenStudy.apistudy.utils.ExcelUtil:88 - 读取【crm】的第2行第5列的值是：{
 "entity": {
  "customer_name": "",
  "mobile": "18991112345",
  "telephone": "01028375678",
  "website": "http://testfan.cn",
  "next_time": "2020-04-02 00:00:00",
  "remark": "这是备注",
  "address": "北京市,北京城区,昌平区",
  "detailAddress": "霍营地铁",
  "location": "",
  "lng": "",
  "lat": ""
 }
} 
[crazyapi] 2021/02/13 12:54:15   INFO main com.testfan.MavenStudy.apistudy.utils.ExcelUtil:88 - 读取【crm】的第2行第6列的值是：{
"code":0,
"msg":"客户名称不能为空"
} 
[crazyapi] 2021/02/13 12:54:15   INFO main com.testfan.MavenStudy.apistudy.utils.ExcelUtil:88 - 读取【crm】的第3行第0列的值是：创建联系人-正确 
[crazyapi] 2021/02/13 12:54:15   INFO main com.testfan.MavenStudy.apistudy.utils.ExcelUtil:88 - 读取【crm】的第3行第1列的值是：创建联系人 
[crazyapi] 2021/02/13 12:54:15   INFO main com.testfan.MavenStudy.apistudy.utils.ExcelUtil:88 - 读取【crm】的第3行第2列的值是：/CrmContacts/addOrUpdate 
[crazyapi] 2021/02/13 12:54:15   INFO main com.testfan.MavenStudy.apistudy.utils.ExcelUtil:88 - 读取【crm】的第3行第3列的值是：POST 
[crazyapi] 2021/02/13 12:54:15   INFO main com.testfan.MavenStudy.apistudy.utils.ExcelUtil:88 - 读取【crm】的第3行第4列的值是：{
"Admin-Token":"token"
} 
[crazyapi] 2021/02/13 12:54:15   INFO main com.testfan.MavenStudy.apistudy.utils.ExcelUtil:88 - 读取【crm】的第3行第5列的值是：{
 "entity": {
  "name": "沙漠",
  "customer_id": 5,
  "mobile": "18098909090",
  "telephone": "01023456789",
  "email": "shddhdd@163.com",
  "post": "总经理",
  "address": "北京霍营",
  "next_time": "2020-04-23 16:03:47",
  "remark": "这是备注"
 }
}
 
[crazyapi] 2021/02/13 12:54:15   INFO main com.testfan.MavenStudy.apistudy.utils.ExcelUtil:88 - 读取【crm】的第3行第6列的值是：{
"code":0
} 
[crazyapi] 2021/02/13 12:54:15   INFO main com.testfan.MavenStudy.apistudy.utils.ExcelUtil:88 - 读取【crm】的第4行第0列的值是：创建联系人-客户不存在 
[crazyapi] 2021/02/13 12:54:15   INFO main com.testfan.MavenStudy.apistudy.utils.ExcelUtil:88 - 读取【crm】的第4行第1列的值是：创建联系人 
[crazyapi] 2021/02/13 12:54:15   INFO main com.testfan.MavenStudy.apistudy.utils.ExcelUtil:88 - 读取【crm】的第4行第2列的值是：/CrmContacts/addOrUpdate 
[crazyapi] 2021/02/13 12:54:15   INFO main com.testfan.MavenStudy.apistudy.utils.ExcelUtil:88 - 读取【crm】的第4行第3列的值是：POST 
[crazyapi] 2021/02/13 12:54:15   INFO main com.testfan.MavenStudy.apistudy.utils.ExcelUtil:88 - 读取【crm】的第4行第4列的值是：{
"Admin-Token":"token"
} 
[crazyapi] 2021/02/13 12:54:15   INFO main com.testfan.MavenStudy.apistudy.utils.ExcelUtil:88 - 读取【crm】的第4行第5列的值是：{
 "entity": {
  "name": "沙漠",
  "customer_id": 237466,
  "mobile": "18098909090",
  "telephone": "01023456789",
  "email": "shddhdd@163.com",
  "post": "总经理",
  "address": "北京霍营",
  "next_time": "2020-04-23 16:03:47",
  "remark": "这是备注"
 }
}
 
[crazyapi] 2021/02/13 12:54:15   INFO main com.testfan.MavenStudy.apistudy.utils.ExcelUtil:88 - 读取【crm】的第4行第6列的值是：{
"code":0,
"msg":"客户不存在"
} 
]]></system-out>
  </testcase>
  <testcase name="Test" classname="com.crm.testcase.DataDriverTests" time="0">
    <skipped message="Connect to 192.168.23.135:8090 [/192.168.23.135] failed: Connection timed out: connect"/>
  </testcase>
  <testcase name="Test" classname="com.crm.testcase.DataDriverTests" time="0">
    <skipped message="Connect to 192.168.23.135:8090 [/192.168.23.135] failed: Connection timed out: connect"/>
  </testcase>
  <testcase name="Test" classname="com.crm.testcase.DataDriverTests" time="0">
    <skipped message="Connect to 192.168.23.135:8090 [/192.168.23.135] failed: Connection timed out: connect"/>
  </testcase>
  <testcase name="afterclass" classname="com.crm.testcase.DataDriverTests" time="0">
    <skipped/>
  </testcase>
  <testcase name="init" classname="com.crm.testcase.DeleteCustomerTests" time="0">
    <skipped/>
  </testcase>
  <testcase name="test001_deleCustomer" classname="com.crm.testcase.DeleteCustomerTests" time="0">
    <skipped message="Connect to 192.168.23.135:8090 [/192.168.23.135] failed: Connection timed out: connect"/>
  </testcase>
  <testcase name="test002_deleCustomer" classname="com.crm.testcase.DeleteCustomerTests" time="0">
    <skipped message="Connect to 192.168.23.135:8090 [/192.168.23.135] failed: Connection timed out: connect"/>
  </testcase>
  <testcase name="test003_deleCustomer" classname="com.crm.testcase.DeleteCustomerTests" time="0">
    <skipped message="Connect to 192.168.23.135:8090 [/192.168.23.135] failed: Connection timed out: connect"/>
  </testcase>
  <testcase name="test004_deleCustomer" classname="com.crm.testcase.DeleteCustomerTests" time="0">
    <skipped message="Connect to 192.168.23.135:8090 [/192.168.23.135] failed: Connection timed out: connect"/>
  </testcase>
  <testcase name="afterclass" classname="com.crm.testcase.DeleteCustomerTests" time="0">
    <skipped/>
  </testcase>
  <testcase name="test001_login" classname="com.crm.testcase.LoginTests" time="21.021">
    <failure message="Connect to 192.168.23.135:8090 [/192.168.23.135] failed: Connection timed out: connect" type="org.apache.http.conn.HttpHostConnectException">org.apache.http.conn.HttpHostConnectException: Connect to 192.168.23.135:8090 [/192.168.23.135] failed: Connection timed out: connect
	at com.crm.testcase.LoginTests.test001_login(LoginTests.java:20)
Caused by: java.net.ConnectException: Connection timed out: connect
	at com.crm.testcase.LoginTests.test001_login(LoginTests.java:20)
</failure>
    <system-out><![CDATA[[crazyapi] 2021/02/13 12:54:16   WARN Finalizer com.alibaba.dubbo.config.AbstractConfig:97 -  [DUBBO] ReferenceConfig(dubbo://192.168.23.135:20880) is not DESTROYED when FINALIZE, dubbo version: 2.6.9, current host: 192.168.56.1 
[crazyapi] 2021/02/13 12:54:16   WARN Finalizer com.alibaba.dubbo.config.AbstractConfig:97 -  [DUBBO] ReferenceConfig(dubbo://192.168.23.135:20880) is not DESTROYED when FINALIZE, dubbo version: 2.6.9, current host: 192.168.56.1 
[crazyapi] 2021/02/13 12:54:16   WARN Finalizer com.alibaba.dubbo.config.AbstractConfig:97 -  [DUBBO] ReferenceConfig(dubbo://192.168.23.135:20880) is not DESTROYED when FINALIZE, dubbo version: 2.6.9, current host: 192.168.56.1 
[crazyapi] 2021/02/13 12:54:17   WARN DubboClientReconnectTimer-thread-1 com.alibaba.dubbo.remoting.transport.AbstractClient:178 -  [DUBBO] client reconnect to 192.168.23.135:20880 find error . url: dubbo://192.168.23.135:20880/cn.testfan.dubbo.service.MarketService?application=test&codec=dubbo&dubbo=2.0.2&generic=true&heartbeat=60000&interface=/cn.testfan.dubbo.service.MarketService&pid=8304&register.ip=192.168.56.1&side=consumer&timeout=20000&timestamp=1613192049267&version=1.0, dubbo version: 2.6.9, current host: 192.168.56.1 
com.alibaba.dubbo.remoting.RemotingException: client(url: dubbo://192.168.23.135:20880/cn.testfan.dubbo.service.MarketService?application=test&codec=dubbo&dubbo=2.0.2&generic=true&heartbeat=60000&interface=/cn.testfan.dubbo.service.MarketService&pid=8304&register.ip=192.168.56.1&side=consumer&timeout=20000&timestamp=1613192049267&version=1.0) failed to connect to server /192.168.23.135:20880 client-side timeout 3000ms (elapsed: 3005ms) from netty client 192.168.56.1 using dubbo version 2.6.9
	at com.alibaba.dubbo.remoting.transport.netty4.NettyClient.doConnect(NettyClient.java:132)
	at com.alibaba.dubbo.remoting.transport.AbstractClient.connect(AbstractClient.java:282)
	at com.alibaba.dubbo.remoting.transport.AbstractClient$1.run(AbstractClient.java:163)
	at java.util.concurrent.Executors$RunnableAdapter.call(Executors.java:511)
	at java.util.concurrent.FutureTask.runAndReset(FutureTask.java:308)
	at java.util.concurrent.ScheduledThreadPoolExecutor$ScheduledFutureTask.access$301(ScheduledThreadPoolExecutor.java:180)
	at java.util.concurrent.ScheduledThreadPoolExecutor$ScheduledFutureTask.run(ScheduledThreadPoolExecutor.java:294)
	at java.util.concurrent.ThreadPoolExecutor.runWorker(ThreadPoolExecutor.java:1142)
	at java.util.concurrent.ThreadPoolExecutor$Worker.run(ThreadPoolExecutor.java:617)
	at java.lang.Thread.run(Thread.java:745)
]]></system-out>
    <system-err><![CDATA[二月 13, 2021 12:54:15 下午 com.testfan.MavenStudy.apistudy.common.MyHttpMethod PostForm
信息: url:http://192.168.23.135:8090/login
二月 13, 2021 12:54:15 下午 com.testfan.MavenStudy.apistudy.common.MyHttpMethod PostForm
信息: 参数：password=123456
二月 13, 2021 12:54:15 下午 com.testfan.MavenStudy.apistudy.common.MyHttpMethod PostForm
信息: 参数：username=admin
]]></system-err>
  </testcase>
  <testcase name="shouldAnswerWithTrue on shouldAnswerWithTrue(org.example.AppTest)" classname="org.example.AppTest" time="21.404"/>
</testsuite>