<?xml version="1.0" encoding="UTF-8"?>
<!-- Generated by org.testng.reporters.JUnitReportReporter -->
<testsuite skipped="0" hostname="DESKTOP-65FRE6B" name="org.example.AppTest" tests="1" failures="0" timestamp="13 二月 2021 04:54:36 GMT" time="0.006" errors="0">
  <testcase name="shouldAnswerWithTrue" time="0.006" classname="org.example.AppTest"/>
</testsuite> <!-- org.example.AppTest -->
