<?xml version="1.0" encoding="UTF-8"?>
<!-- Generated by org.testng.reporters.JUnitReportReporter -->
<testsuite skipped="0" hostname="5CG026B3WF" name="com.testfan.testngstudy.LoginTest" tests="1" failures="0" timestamp="16 十二月 2020 13:02:54 GMT" time="0.023" errors="0">
  <testcase name="loginCorrect" time="0.023" classname="com.testfan.testngstudy.LoginTest"/>
</testsuite> <!-- com.testfan.testngstudy.LoginTest -->
